[debug] [2022-08-13T06:13:06.216Z] ----------------------------------------------------------------------
[debug] [2022-08-13T06:13:06.218Z] Command:       C:\Program Files\nodejs\node.exe C:\Users\alifu\AppData\Roaming\npm\node_modules\firebase-tools\lib\bin\firebase.js deploy
[debug] [2022-08-13T06:13:06.219Z] CLI Version:   11.6.0
[debug] [2022-08-13T06:13:06.219Z] Platform:      win32
[debug] [2022-08-13T06:13:06.219Z] Node Version:  v16.14.2
[debug] [2022-08-13T06:13:06.225Z] Time:          Sat Aug 13 2022 09:13:06 GMT+0300 (GMT+03:00)
[debug] [2022-08-13T06:13:06.225Z] ----------------------------------------------------------------------
[debug] 
[debug] [2022-08-13T06:13:06.312Z] > command requires scopes: ["email","openid","https://www.googleapis.com/auth/cloudplatformprojects.readonly","https://www.googleapis.com/auth/firebase","https://www.googleapis.com/auth/cloud-platform"]
[debug] [2022-08-13T06:13:06.312Z] > authorizing via signed-in user (webtravellers2022@gmail.com)
[debug] [2022-08-13T06:13:06.312Z] [iam] checking project bihatira-29ba9 for permissions ["firebase.projects.get","firebasehosting.sites.update"]
[debug] [2022-08-13T06:13:06.315Z] > refreshing access token with scopes: []
[debug] [2022-08-13T06:13:06.317Z] >>> [apiv2][query] POST https://www.googleapis.com/oauth2/v3/token [none]
[debug] [2022-08-13T06:13:06.317Z] >>> [apiv2][body] POST https://www.googleapis.com/oauth2/v3/token [omitted]
[debug] [2022-08-13T06:13:16.137Z] <<< [apiv2][status] POST https://www.googleapis.com/oauth2/v3/token 200
[debug] [2022-08-13T06:13:16.137Z] <<< [apiv2][body] POST https://www.googleapis.com/oauth2/v3/token [omitted]
[debug] [2022-08-13T06:13:16.149Z] >>> [apiv2][query] POST https://cloudresourcemanager.googleapis.com/v1/projects/bihatira-29ba9:testIamPermissions [none]
[debug] [2022-08-13T06:13:16.150Z] >>> [apiv2][(partial)header] POST https://cloudresourcemanager.googleapis.com/v1/projects/bihatira-29ba9:testIamPermissions x-goog-quota-user=projects/bihatira-29ba9
[debug] [2022-08-13T06:13:16.150Z] >>> [apiv2][body] POST https://cloudresourcemanager.googleapis.com/v1/projects/bihatira-29ba9:testIamPermissions {"permissions":["firebase.projects.get","firebasehosting.sites.update"]}
[debug] [2022-08-13T06:13:19.706Z] <<< [apiv2][status] POST https://cloudresourcemanager.googleapis.com/v1/projects/bihatira-29ba9:testIamPermissions 200
[debug] [2022-08-13T06:13:19.707Z] <<< [apiv2][body] POST https://cloudresourcemanager.googleapis.com/v1/projects/bihatira-29ba9:testIamPermissions {"permissions":["firebase.projects.get","firebasehosting.sites.update"]}
[debug] [2022-08-13T06:13:19.708Z] >>> [apiv2][query] GET https://firebase.googleapis.com/v1beta1/projects/bihatira-29ba9 [none]
[debug] [2022-08-13T06:13:29.953Z] <<< [apiv2][status] GET https://firebase.googleapis.com/v1beta1/projects/bihatira-29ba9 200
[debug] [2022-08-13T06:13:29.953Z] <<< [apiv2][body] GET https://firebase.googleapis.com/v1beta1/projects/bihatira-29ba9 {"projectId":"bihatira-29ba9","projectNumber":"143525717858","displayName":"BiHatira","name":"projects/bihatira-29ba9","resources":{"hostingSite":"bihatira-29ba9"},"state":"ACTIVE","etag":"1_2b26f557-02a4-4056-be1a-982df0f232f1"}
[info] 
[info] === Deploying to 'bihatira-29ba9'...
[info] 
[info] i  deploying hosting 
[debug] [2022-08-13T06:13:29.958Z] >>> [apiv2][query] GET https://firebase.googleapis.com/v1beta1/projects/bihatira-29ba9 [none]
[debug] [2022-08-13T06:13:32.584Z] <<< [apiv2][status] GET https://firebase.googleapis.com/v1beta1/projects/bihatira-29ba9 200
[debug] [2022-08-13T06:13:32.584Z] <<< [apiv2][body] GET https://firebase.googleapis.com/v1beta1/projects/bihatira-29ba9 {"projectId":"bihatira-29ba9","projectNumber":"143525717858","displayName":"BiHatira","name":"projects/bihatira-29ba9","resources":{"hostingSite":"bihatira-29ba9"},"state":"ACTIVE","etag":"1_2b26f557-02a4-4056-be1a-982df0f232f1"}
[debug] [2022-08-13T06:13:32.587Z] >>> [apiv2][query] POST https://firebasehosting.googleapis.com/v1beta1/projects/143525717858/sites/bihatira-29ba9/versions [none]
[debug] [2022-08-13T06:13:32.587Z] >>> [apiv2][body] POST https://firebasehosting.googleapis.com/v1beta1/projects/143525717858/sites/bihatira-29ba9/versions {"config":{"rewrites":[{"glob":"**","path":"/index.html"}]},"labels":{"deployment-tool":"cli-firebase"}}
[debug] [2022-08-13T06:13:40.414Z] <<< [apiv2][status] POST https://firebasehosting.googleapis.com/v1beta1/projects/143525717858/sites/bihatira-29ba9/versions 200
[debug] [2022-08-13T06:13:40.414Z] <<< [apiv2][body] POST https://firebasehosting.googleapis.com/v1beta1/projects/143525717858/sites/bihatira-29ba9/versions {"name":"projects/143525717858/sites/bihatira-29ba9/versions/9c349a460ff5ca52","status":"CREATED","config":{"rewrites":[{"glob":"**","path":"/index.html"}]},"labels":{"deployment-tool":"cli-firebase"}}
[info] i  hosting[bihatira-29ba9]: beginning deploy... 
[info] i  hosting[bihatira-29ba9]: found 25 files in build 
[debug] [2022-08-13T06:13:40.434Z] [hosting] uploading with 200 concurrency
[debug] [2022-08-13T06:13:41.108Z] [hosting] hash cache [YnVpbGQ] stored for 25 files
[debug] [2022-08-13T06:13:41.108Z] [hosting][hash queue][FINAL] {"max":660,"min":5,"avg":52.08,"active":0,"complete":25,"success":25,"errored":0,"retried":0,"total":25,"elapsed":670}
[debug] [2022-08-13T06:13:41.109Z] >>> [apiv2][query] POST https://firebasehosting.googleapis.com/v1beta1/projects/143525717858/sites/bihatira-29ba9/versions/9c349a460ff5ca52:populateFiles [none]
[debug] [2022-08-13T06:13:41.109Z] >>> [apiv2][body] POST https://firebasehosting.googleapis.com/v1beta1/projects/143525717858/sites/bihatira-29ba9/versions/9c349a460ff5ca52:populateFiles {"files":{"/favicon.ico":"eae62e993eb980ec8a25058c39d5a51feab118bd2100c4deebb2a9c158ec11f9","/logo192.png":"3ee59515172ee198f3be375979df15ac5345183e656720a381b8872b2a39dc8b","/logo512.png":"ee7e2f3fdb8209c4b6fd7bef6ba50d1b9dba30a25bb5c3126df057e1cb6f5331","/manifest.json":"5c997de1364b8be939319fa9209abd77f2caf7f8844999a9e2e9173f844e7840","/robots.txt":"b2090cf9761ef60aa06e4fab97679bd43dfa5e5df073701ead5879d7c68f1ec5","/locales/en/translation.json":"bb38c5924dd8f8ad9eb36fb4cdd269959619757df6dbc555162f4443bc5b8b77","/locales/tr/translation.json":"a4355243b7a9c4586b2126ddefc778d58921c7e2c6ca76990f71ffc07b5c65f2","/asset-manifest.json":"d2d1b42ca210dd873f2697950f9504612ec6bae3ef06f0944ea58004b30fe8f7","/index.html":"b5836da01a65558b7b7ee6440ab2b54dfabfa49f4476bf1cb2c1e81362cafe4f","/static/js/406.e1b1bd3c.chunk.js":"bb22ed19e32ea83e46fdcebfd6629bac750d6b40ab2f935ec9a0cbeab37b351e","/static/js/787.71e672d5.chunk.js":"baba936ee54d118f86748108dff8e4bbb20416c40f37381bc0f2728300a4166c","/static/js/787.71e672d5.chunk.js.map":"7aac19b45f570bb2ffd3b4fada3298329f6e09c3d5c6b13f3a9cbff03911ebc1","/static/js/406.e1b1bd3c.chunk.js.map":"d2e41c480418d439fb183039fec1f8ef10a336228417e66893e7673a8ce930a0","/static/js/main.5d1e763d.js.LICENSE.txt":"3af3070bc3980db0d677a20b902cf3de80ed587e5e0ad61b9f2d3dbbfc372f3d","/static/media/getFetch.c780682470504fffbd04.cjs":"c9ed2600c6c4d9018e9ef3fecba695baf37b5f175ec4a5299456a669ad2d4f8c","/static/media/yemek4.6384d79ae89242f50508.png":"fa26bb09bc70f8855bd0804643c3f5843ff4dad6e06dd9364deb9fa313131974","/static/media/yemek1.19f63cadc4f124a2c881.png":"938a2a8680c807abeb5aee63e48b797d4706854339d469bc15d4c44a906b30d8","/static/media/yemek2.fdb7879145a32ad4f580.png":"f07c7b6339cf36eec14898868b68114ac7550b0d103448bf0e25bc47a53eef89","/static/media/yemek3.2f53c1c341f66646a664.png":"d5c7e92ed3f150819bc5cbf182de8e4fe46f609eea5757c91bedf227d016acf1","/static/css/main.86e528ea.css":"32d840a8c3091fabbee42ee193fb549a30d6299cf9d353d6db56cd76784f5ab7","/static/media/img3.02453104a05aab66c273.png":"5aa07ae13933add98c98e6895a6da51122635b21ce032406d829a36e47f12c51","/static/js/main.5d1e763d.js":"fdbaed8a05f2d4d79b4f94544da3e59c0be5a36d4b7ff6ee2fcf3543dde04135","/static/media/suggestionimg.1352d2a716dce01adf18.png":"6b0f075bd6f850edca671115376942f511cb36a037cb912c7091e81780bffd9d","/static/css/main.86e528ea.css.map":"3c2e5f35038e7b739334da39709ab82555d18cca640dd52bf42d97442b2fc57c","/static/js/main.5d1e763d.js.map":"bc943912b246ce86c7114e96ac914af64d09215d77f0463ca9e23d35b222ecef"}}
[debug] [2022-08-13T06:14:03.252Z] <<< [apiv2][status] POST https://firebasehosting.googleapis.com/v1beta1/projects/143525717858/sites/bihatira-29ba9/versions/9c349a460ff5ca52:populateFiles 200
[debug] [2022-08-13T06:14:03.253Z] <<< [apiv2][body] POST https://firebasehosting.googleapis.com/v1beta1/projects/143525717858/sites/bihatira-29ba9/versions/9c349a460ff5ca52:populateFiles {"uploadRequiredHashes":["d2d1b42ca210dd873f2697950f9504612ec6bae3ef06f0944ea58004b30fe8f7","fdbaed8a05f2d4d79b4f94544da3e59c0be5a36d4b7ff6ee2fcf3543dde04135","bc943912b246ce86c7114e96ac914af64d09215d77f0463ca9e23d35b222ecef","b5836da01a65558b7b7ee6440ab2b54dfabfa49f4476bf1cb2c1e81362cafe4f"],"uploadUrl":"https://upload-firebasehosting.googleapis.com/upload/sites/bihatira-29ba9/versions/9c349a460ff5ca52/files"}
[debug] [2022-08-13T06:14:03.254Z] >>> [apiv2][query] POST https://upload-firebasehosting.googleapis.com/upload/sites/bihatira-29ba9/versions/9c349a460ff5ca52/files/d2d1b42ca210dd873f2697950f9504612ec6bae3ef06f0944ea58004b30fe8f7 [none]
[debug] [2022-08-13T06:14:03.254Z] >>> [apiv2][body] POST https://upload-firebasehosting.googleapis.com/upload/sites/bihatira-29ba9/versions/9c349a460ff5ca52/files/d2d1b42ca210dd873f2697950f9504612ec6bae3ef06f0944ea58004b30fe8f7 [stream]
[debug] [2022-08-13T06:14:03.255Z] >>> [apiv2][query] POST https://upload-firebasehosting.googleapis.com/upload/sites/bihatira-29ba9/versions/9c349a460ff5ca52/files/fdbaed8a05f2d4d79b4f94544da3e59c0be5a36d4b7ff6ee2fcf3543dde04135 [none]
[debug] [2022-08-13T06:14:03.255Z] >>> [apiv2][body] POST https://upload-firebasehosting.googleapis.com/upload/sites/bihatira-29ba9/versions/9c349a460ff5ca52/files/fdbaed8a05f2d4d79b4f94544da3e59c0be5a36d4b7ff6ee2fcf3543dde04135 [stream]
[debug] [2022-08-13T06:14:03.256Z] >>> [apiv2][query] POST https://upload-firebasehosting.googleapis.com/upload/sites/bihatira-29ba9/versions/9c349a460ff5ca52/files/bc943912b246ce86c7114e96ac914af64d09215d77f0463ca9e23d35b222ecef [none]
[debug] [2022-08-13T06:14:03.257Z] >>> [apiv2][body] POST https://upload-firebasehosting.googleapis.com/upload/sites/bihatira-29ba9/versions/9c349a460ff5ca52/files/bc943912b246ce86c7114e96ac914af64d09215d77f0463ca9e23d35b222ecef [stream]
[debug] [2022-08-13T06:14:03.258Z] >>> [apiv2][query] POST https://upload-firebasehosting.googleapis.com/upload/sites/bihatira-29ba9/versions/9c349a460ff5ca52/files/b5836da01a65558b7b7ee6440ab2b54dfabfa49f4476bf1cb2c1e81362cafe4f [none]
[debug] [2022-08-13T06:14:03.258Z] >>> [apiv2][body] POST https://upload-firebasehosting.googleapis.com/upload/sites/bihatira-29ba9/versions/9c349a460ff5ca52/files/b5836da01a65558b7b7ee6440ab2b54dfabfa49f4476bf1cb2c1e81362cafe4f [stream]
[debug] [2022-08-13T06:14:03.259Z] [hosting][populate queue][FINAL] {"max":22148,"min":22148,"avg":22148,"active":0,"complete":1,"success":1,"errored":0,"retried":0,"total":1,"elapsed":22153}
[debug] [2022-08-13T06:14:03.259Z] [hosting] uploads queued: 4
[debug] [2022-08-13T06:14:11.603Z] <<< [apiv2][status] POST https://upload-firebasehosting.googleapis.com/upload/sites/bihatira-29ba9/versions/9c349a460ff5ca52/files/d2d1b42ca210dd873f2697950f9504612ec6bae3ef06f0944ea58004b30fe8f7 200
[debug] [2022-08-13T06:14:11.603Z] <<< [apiv2][body] POST https://upload-firebasehosting.googleapis.com/upload/sites/bihatira-29ba9/versions/9c349a460ff5ca52/files/d2d1b42ca210dd873f2697950f9504612ec6bae3ef06f0944ea58004b30fe8f7 [stream]
[debug] [2022-08-13T06:14:12.948Z] <<< [apiv2][status] POST https://upload-firebasehosting.googleapis.com/upload/sites/bihatira-29ba9/versions/9c349a460ff5ca52/files/b5836da01a65558b7b7ee6440ab2b54dfabfa49f4476bf1cb2c1e81362cafe4f 200
[debug] [2022-08-13T06:14:12.948Z] <<< [apiv2][body] POST https://upload-firebasehosting.googleapis.com/upload/sites/bihatira-29ba9/versions/9c349a460ff5ca52/files/b5836da01a65558b7b7ee6440ab2b54dfabfa49f4476bf1cb2c1e81362cafe4f [stream]
[debug] [2022-08-13T06:14:33.669Z] [uploadQueue] Retrying task fdbaed8a05f2d4d79b4f94544da3e59c0be5a36d4b7ff6ee2fcf3543dde04135
[debug] [2022-08-13T06:14:33.670Z] >>> [apiv2][query] POST https://upload-firebasehosting.googleapis.com/upload/sites/bihatira-29ba9/versions/9c349a460ff5ca52/files/fdbaed8a05f2d4d79b4f94544da3e59c0be5a36d4b7ff6ee2fcf3543dde04135 [none]
[debug] [2022-08-13T06:14:33.670Z] >>> [apiv2][body] POST https://upload-firebasehosting.googleapis.com/upload/sites/bihatira-29ba9/versions/9c349a460ff5ca52/files/fdbaed8a05f2d4d79b4f94544da3e59c0be5a36d4b7ff6ee2fcf3543dde04135 [stream]
[debug] [2022-08-13T06:15:04.497Z] [uploadQueue] Retrying task fdbaed8a05f2d4d79b4f94544da3e59c0be5a36d4b7ff6ee2fcf3543dde04135
[debug] [2022-08-13T06:15:04.498Z] >>> [apiv2][query] POST https://upload-firebasehosting.googleapis.com/upload/sites/bihatira-29ba9/versions/9c349a460ff5ca52/files/fdbaed8a05f2d4d79b4f94544da3e59c0be5a36d4b7ff6ee2fcf3543dde04135 [none]
[debug] [2022-08-13T06:15:04.499Z] >>> [apiv2][body] POST https://upload-firebasehosting.googleapis.com/upload/sites/bihatira-29ba9/versions/9c349a460ff5ca52/files/fdbaed8a05f2d4d79b4f94544da3e59c0be5a36d4b7ff6ee2fcf3543dde04135 [stream]
[debug] [2022-08-13T06:15:27.307Z] [uploadQueue] Retrying task bc943912b246ce86c7114e96ac914af64d09215d77f0463ca9e23d35b222ecef
[debug] [2022-08-13T06:15:27.308Z] >>> [apiv2][query] POST https://upload-firebasehosting.googleapis.com/upload/sites/bihatira-29ba9/versions/9c349a460ff5ca52/files/bc943912b246ce86c7114e96ac914af64d09215d77f0463ca9e23d35b222ecef [none]
[debug] [2022-08-13T06:15:27.308Z] >>> [apiv2][body] POST https://upload-firebasehosting.googleapis.com/upload/sites/bihatira-29ba9/versions/9c349a460ff5ca52/files/bc943912b246ce86c7114e96ac914af64d09215d77f0463ca9e23d35b222ecef [stream]
[debug] [2022-08-13T06:15:29.813Z] [uploadQueue] Retrying task fdbaed8a05f2d4d79b4f94544da3e59c0be5a36d4b7ff6ee2fcf3543dde04135
[debug] [2022-08-13T06:15:29.813Z] >>> [apiv2][query] POST https://upload-firebasehosting.googleapis.com/upload/sites/bihatira-29ba9/versions/9c349a460ff5ca52/files/fdbaed8a05f2d4d79b4f94544da3e59c0be5a36d4b7ff6ee2fcf3543dde04135 [none]
[debug] [2022-08-13T06:15:29.813Z] >>> [apiv2][body] POST https://upload-firebasehosting.googleapis.com/upload/sites/bihatira-29ba9/versions/9c349a460ff5ca52/files/fdbaed8a05f2d4d79b4f94544da3e59c0be5a36d4b7ff6ee2fcf3543dde04135 [stream]
[debug] [2022-08-13T06:15:54.072Z] [uploadQueue] Retrying task fdbaed8a05f2d4d79b4f94544da3e59c0be5a36d4b7ff6ee2fcf3543dde04135
[debug] [2022-08-13T06:15:54.073Z] >>> [apiv2][query] POST https://upload-firebasehosting.googleapis.com/upload/sites/bihatira-29ba9/versions/9c349a460ff5ca52/files/fdbaed8a05f2d4d79b4f94544da3e59c0be5a36d4b7ff6ee2fcf3543dde04135 [none]
[debug] [2022-08-13T06:15:54.073Z] >>> [apiv2][body] POST https://upload-firebasehosting.googleapis.com/upload/sites/bihatira-29ba9/versions/9c349a460ff5ca52/files/fdbaed8a05f2d4d79b4f94544da3e59c0be5a36d4b7ff6ee2fcf3543dde04135 [stream]
[debug] [2022-08-13T06:16:23.360Z] <<< [apiv2][status] POST https://upload-firebasehosting.googleapis.com/upload/sites/bihatira-29ba9/versions/9c349a460ff5ca52/files/fdbaed8a05f2d4d79b4f94544da3e59c0be5a36d4b7ff6ee2fcf3543dde04135 200
[debug] [2022-08-13T06:16:23.361Z] <<< [apiv2][body] POST https://upload-firebasehosting.googleapis.com/upload/sites/bihatira-29ba9/versions/9c349a460ff5ca52/files/fdbaed8a05f2d4d79b4f94544da3e59c0be5a36d4b7ff6ee2fcf3543dde04135 [stream]
[debug] [2022-08-13T06:16:51.759Z] [uploadQueue] Retrying task bc943912b246ce86c7114e96ac914af64d09215d77f0463ca9e23d35b222ecef
[debug] [2022-08-13T06:16:51.760Z] >>> [apiv2][query] POST https://upload-firebasehosting.googleapis.com/upload/sites/bihatira-29ba9/versions/9c349a460ff5ca52/files/bc943912b246ce86c7114e96ac914af64d09215d77f0463ca9e23d35b222ecef [none]
[debug] [2022-08-13T06:16:51.760Z] >>> [apiv2][body] POST https://upload-firebasehosting.googleapis.com/upload/sites/bihatira-29ba9/versions/9c349a460ff5ca52/files/bc943912b246ce86c7114e96ac914af64d09215d77f0463ca9e23d35b222ecef [stream]
[debug] [2022-08-13T06:18:17.013Z] [uploadQueue] Retrying task bc943912b246ce86c7114e96ac914af64d09215d77f0463ca9e23d35b222ecef
[debug] [2022-08-13T06:18:17.014Z] >>> [apiv2][query] POST https://upload-firebasehosting.googleapis.com/upload/sites/bihatira-29ba9/versions/9c349a460ff5ca52/files/bc943912b246ce86c7114e96ac914af64d09215d77f0463ca9e23d35b222ecef [none]
[debug] [2022-08-13T06:18:17.014Z] >>> [apiv2][body] POST https://upload-firebasehosting.googleapis.com/upload/sites/bihatira-29ba9/versions/9c349a460ff5ca52/files/bc943912b246ce86c7114e96ac914af64d09215d77f0463ca9e23d35b222ecef [stream]
[debug] [2022-08-13T06:18:37.973Z] [uploadQueue] Retrying task bc943912b246ce86c7114e96ac914af64d09215d77f0463ca9e23d35b222ecef
[debug] [2022-08-13T06:18:37.973Z] >>> [apiv2][query] POST https://upload-firebasehosting.googleapis.com/upload/sites/bihatira-29ba9/versions/9c349a460ff5ca52/files/bc943912b246ce86c7114e96ac914af64d09215d77f0463ca9e23d35b222ecef [none]
[debug] [2022-08-13T06:18:37.973Z] >>> [apiv2][body] POST https://upload-firebasehosting.googleapis.com/upload/sites/bihatira-29ba9/versions/9c349a460ff5ca52/files/bc943912b246ce86c7114e96ac914af64d09215d77f0463ca9e23d35b222ecef [stream]
[debug] [2022-08-13T06:20:16.950Z] [uploadQueue] Retrying task bc943912b246ce86c7114e96ac914af64d09215d77f0463ca9e23d35b222ecef
[debug] [2022-08-13T06:20:16.954Z] >>> [apiv2][query] POST https://upload-firebasehosting.googleapis.com/upload/sites/bihatira-29ba9/versions/9c349a460ff5ca52/files/bc943912b246ce86c7114e96ac914af64d09215d77f0463ca9e23d35b222ecef [none]
[debug] [2022-08-13T06:20:16.961Z] >>> [apiv2][body] POST https://upload-firebasehosting.googleapis.com/upload/sites/bihatira-29ba9/versions/9c349a460ff5ca52/files/bc943912b246ce86c7114e96ac914af64d09215d77f0463ca9e23d35b222ecef [stream]
[debug] Task bc943912b246ce86c7114e96ac914af64d09215d77f0463ca9e23d35b222ecef failed: retries exhausted after 6 attempts, with error: Timeout reached making request to https://upload-firebasehosting.googleapis.com/upload/sites/bihatira-29ba9/versions/9c349a460ff5ca52/files/bc943912b246ce86c7114e96ac914af64d09215d77f0463ca9e23d35b222ecef
[debug] [2022-08-13T06:21:40.603Z] [hosting][upload queue][FINAL] {"max":29289,"min":8350,"avg":15777.666666666666,"active":0,"complete":4,"success":3,"errored":1,"retried":9,"total":4,"elapsed":457350}
[debug] [2022-08-13T06:21:45.619Z] Error: Timed out.
    at Timeout._onTimeout (C:\Users\alifu\AppData\Roaming\npm\node_modules\firebase-tools\lib\utils.js:253:49)
    at listOnTimeout (node:internal/timers:559:17)
    at processTimers (node:internal/timers:502:7)
[error] 
[error] Error: An unexpected error has occurred.
